example/build/app/outputs/mapping/release/mapping.txt
# compiler: R8
# compiler_version: 1.5.69
# min_api: 21
# pg_map_id: 4faca1a
io.flutter.plugins.firebasemlvisionexample.MainActivity -> io.flutter.plugins.firebasemlvisionexample.MainActivity:
    void configureFlutterEngine(io.flutter.embedding.engine.FlutterEngine) -> b
...
com.google.android.gms.internal.firebase_ml.zzga -> c.a.a.a.g.f.q0:
    java.net.HttpURLConnection zzvq -> e
    void addHeader(java.lang.String,java.lang.String) -> a
    void zzb(int,int) -> a
    com.google.android.gms.internal.firebase_ml.zzfv zzfg() -> e
com.google.android.gms.internal.firebase_ml.zzgb -> c.a.a.a.g.f.r0:
    java.net.Proxy zzvr -> a
    java.net.HttpURLConnection zza(java.net.URL) -> a
com.google.android.gms.internal.firebase_ml.zzgc -> c.a.a.a.g.f.s0:
    com.google.android.gms.internal.firebase_ml.zzgd zzvt -> b
    long zzvs -> a
    void zzfo() -> a
com.google.android.gms.internal.firebase_ml.zzgd -> c.a.a.a.g.f.t0:
    java.util.ArrayList zzvv -> e
    java.util.ArrayList zzvu -> d
    int responseCode -> b
    java.lang.String responseMessage -> c
    java.net.HttpURLConnection zzvq -> a
    void disconnect() -> a
    java.lang.String zzy(int) -> a
    java.io.InputStream getContent() -> b
    java.lang.String zzz(int) -> b
    java.lang.String getContentEncoding() -> c
    java.lang.String getContentType() -> d
    java.lang.String getReasonPhrase() -> e
    int getStatusCode() -> f
    java.lang.String zzfh() -> g
    int zzfi() -> h
    long getContentLength() -> i
com.google.android.gms.internal.firebase_ml.zzge -> c.a.a.a.g.f.u0:
    com.google.android.gms.internal.firebase_ml.zzgj zzvw -> d
    java.lang.Object data -> c
    java.lang.String zzvx -> e
    void writeTo(java.io.OutputStream) -> a
    com.google.android.gms.internal.firebase_ml.zzge zzai(java.lang.String) -> a
com.google.android.gms.internal.firebase_ml.zzgf -> c.a.a.a.g.f.v0:
    java.lang.String[] zzva -> d
    com.google.android.gms.internal.firebase_ml.zzfy zzvy -> c
    boolean zzag(java.lang.String) -> a
    com.google.android.gms.internal.firebase_ml.zzfs zzc(java.lang.String,java.lang.String) -> a
com.google.android.gms.internal.firebase_ml.zzgg -> c.a.a.a.g.f.w0:
    com.google.android.gms.internal.firebase_ml.zzgj zzvw -> c
    void zza(com.google.android.gms.internal.firebase_ml.zzgj) -> a
    com.google.android.gms.internal.firebase_ml.zzho zzb(java.lang.String,java.lang.Object) -> a
    com.google.android.gms.internal.firebase_ml.zzgg zza(java.lang.String,java.lang.Object) -> c
    com.google.android.gms.internal.firebase_ml.zzho zzea() -> j
    com.google.android.gms.internal.firebase_ml.zzgg zzdz() -> l
    java.lang.String zzfp() -> m
com.google.android.gms.internal.firebase_ml.zzgh -> c.a.a.a.g.f.x0:
com.google.android.gms.internal.firebase_ml.zzgi -> c.a.a.a.g.f.y0:
    void flush() -> a
    void writeBoolean(boolean) -> a
    void writeString(java.lang.String) -> a
    void zza(double) -> a
    void zza(java.math.BigDecimal) -> a
    void zza(java.math.BigInteger) -> a
    void zza(boolean,java.lang.Object) -> a
    void zzaa(int) -> a
    void zzc(java.lang.Object) -> a
    void zze(long) -> a
    void zzl(float) -> a
    void zzaj(java.lang.String) -> b
    void zzfq() -> b
    void zzfr() -> c
    void zzfs() -> d
    void zzft() -> e
    void zzfu() -> f
    void zzfv() -> g
com.google.android.gms.internal.firebase_ml.zzgj -> c.a.a.a.g.f.z0:
    java.lang.String toString(java.lang.Object) -> a
    com.google.android.gms.internal.firebase_ml.zzgi zza(java.io.OutputStream,java.nio.charset.Charset) -> a
    com.google.android.gms.internal.firebase_ml.zzgn zza(java.io.InputStream) -> a
    com.google.android.gms.internal.firebase_ml.zzgn zza(java.io.InputStream,java.nio.charset.Charset) -> a
    java.lang.String zza(java.lang.Object,boolean) -> a
    com.google.android.gms.internal.firebase_ml.zzgn zzak(java.lang.String) -> a
    java.lang.String zzd(java.lang.Object) -> b
com.google.android.gms.internal.firebase_ml.zzgk -> c.a.a.a.g.f.a1:
    java.util.Collection zzwa -> b
    com.google.android.gms.internal.firebase_ml.zzgj zzvw -> a
    com.google.android.gms.internal.firebase_ml.zzgk zza(java.util.Collection) -> a
    com.google.android.gms.internal.firebase_ml.zzgl zzfw() -> a